<?xml version="1.0" encoding="UTF-8"?>
<!-- Generated by org.testng.reporters.JUnitXMLReporter -->
<testsuite ignored="5" hostname="SariyaNAWAB" failures="0" tests="1" name="Default test" time="2.817" errors="0" timestamp="2025-07-16T22:59:59 IST">
  <testcase classname="tests.LoginTest" name="checkUILabelsAndAlignment" time="0.11"/>
  <testcase classname="tests.LoginTest" name="loginWithIncorrectCaptcha" time="0.0">
    <ignored/>
  </testcase> <!-- loginWithIncorrectCaptcha -->
  <testcase classname="tests.LoginTest" name="loginWithValidCredentials" time="0.0">
    <ignored/>
  </testcase> <!-- loginWithValidCredentials -->
  <testcase classname="tests.LoginTest" name="loginWithInvalidCredentials" time="0.0">
    <ignored/>
  </testcase> <!-- loginWithInvalidCredentials -->
  <testcase classname="tests.LoginTest" name="loginWithoutPassword" time="0.0">
    <ignored/>
  </testcase> <!-- loginWithoutPassword -->
  <testcase classname="tests.LoginTest" name="loginWithoutCaptcha" time="0.0">
    <ignored/>
  </testcase> <!-- loginWithoutCaptcha -->
</testsuite> <!-- Default test -->
