<?xml version="1.0" encoding="UTF-8"?>
<testng-results ignored="0" total="1" passed="1" failed="0" skipped="0">
  <reporter-output>
  </reporter-output>
  <suite started-at="2025-07-16T22:59:57 IST" name="Default suite" finished-at="2025-07-16T22:59:59 IST" duration-ms="2817">
    <groups>
    </groups>
    <test started-at="2025-07-16T22:59:57 IST" name="Default test" finished-at="2025-07-16T22:59:59 IST" duration-ms="2817">
      <class name="tests.LoginTest">
        <test-method is-config="true" signature="openBrowser()[pri:0, instance:tests.LoginTest@5149d738]" started-at="2025-07-16T22:59:57 IST" name="openBrowser" finished-at="2025-07-16T22:59:59 IST" duration-ms="2319" status="PASS">
          <reporter-output>
          </reporter-output>
        </test-method> <!-- openBrowser -->
        <test-method signature="checkUILabelsAndAlignment()[pri:0, instance:tests.LoginTest@5149d738]" started-at="2025-07-16T22:59:59 IST" name="checkUILabelsAndAlignment" finished-at="2025-07-16T22:59:59 IST" duration-ms="110" status="PASS">
          <reporter-output>
          </reporter-output>
        </test-method> <!-- checkUILabelsAndAlignment -->
        <test-method is-config="true" signature="closeBrowser()[pri:0, instance:tests.LoginTest@5149d738]" started-at="2025-07-16T22:59:59 IST" name="closeBrowser" finished-at="2025-07-16T22:59:59 IST" duration-ms="349" status="PASS">
          <reporter-output>
          </reporter-output>
        </test-method> <!-- closeBrowser -->
      </class> <!-- tests.LoginTest -->
    </test> <!-- Default test -->
  </suite> <!-- Default suite -->
</testng-results>
